<?xml version="1.0" encoding="UTF-8"?>
<testng-results skipped="0" failed="0" total="1" passed="1">
  <reporter-output>
  </reporter-output>
  <suite name="Default suite" duration-ms="14971" started-at="2016-04-15T12:37:19Z" finished-at="2016-04-15T12:37:34Z">
    <groups>
    </groups>
    <test name="Default test" duration-ms="14971" started-at="2016-04-15T12:37:19Z" finished-at="2016-04-15T12:37:34Z">
      <class name="testNg.TestScript1">
        <test-method status="PASS" signature="setUp()" name="setUp" is-config="true" duration-ms="9142" started-at="2016-04-15T12:37:19Z" finished-at="2016-04-15T12:37:28Z">
        </test-method>
        <test-method status="PASS" signature="execute()" name="execute" duration-ms="5798" started-at="2016-04-15T12:37:28Z" finished-at="2016-04-15T12:37:34Z">
        </test-method>
        <test-method status="PASS" signature="tearDown()" name="tearDown" is-config="true" duration-ms="0" started-at="2016-04-15T12:37:34Z" finished-at="2016-04-15T12:37:34Z">
        </test-method>
      </class>
    </test>
  </suite>
</testng-results>
